::1 - - [05/Jun/2019:13:38:51 +0700] "GET /THLocDanhSachKhanhHang HTTP/1.1" 301 600 "-" "Mozilla/5.0 (X11; Linux x86_64) AppleWebKit/537.36 (KHTML, like Gecko) Chrome/72.0.3626.119 Safari/537.36"
::1 - - [05/Jun/2019:13:38:51 +0700] "GET /THLocDanhSachKhanhHang/ HTTP/1.1" 200 592 "-" "Mozilla/5.0 (X11; Linux x86_64) AppleWebKit/537.36 (KHTML, like Gecko) Chrome/72.0.3626.119 Safari/537.36"
::1 - - [05/Jun/2019:13:38:54 +0700] "POST /THLocDanhSachKhanhHang/ HTTP/1.1" 200 592 "http://localhost/THLocDanhSachKhanhHang/" "Mozilla/5.0 (X11; Linux x86_64) AppleWebKit/537.36 (KHTML, like Gecko) Chrome/72.0.3626.119 Safari/537.36"
::1 - - [05/Jun/2019:13:39:26 +0700] "POST /THLocDanhSachKhanhHang/ HTTP/1.1" 200 593 "http://localhost/THLocDanhSachKhanhHang/" "Mozilla/5.0 (X11; Linux x86_64) AppleWebKit/537.36 (KHTML, like Gecko) Chrome/72.0.3626.119 Safari/537.36"
::1 - - [05/Jun/2019:13:39:28 +0700] "POST /THLocDanhSachKhanhHang/ HTTP/1.1" 200 592 "http://localhost/THLocDanhSachKhanhHang/" "Mozilla/5.0 (X11; Linux x86_64) AppleWebKit/537.36 (KHTML, like Gecko) Chrome/72.0.3626.119 Safari/537.36"
::1 - - [05/Jun/2019:13:40:17 +0700] "-" 408 0 "-" "-"
::1 - - [05/Jun/2019:13:40:47 +0700] "POST /THLocDanhSachKhanhHang/ HTTP/1.1" 200 593 "http://localhost/THLocDanhSachKhanhHang/" "Mozilla/5.0 (X11; Linux x86_64) AppleWebKit/537.36 (KHTML, like Gecko) Chrome/72.0.3626.119 Safari/537.36"
::1 - - [05/Jun/2019:13:40:50 +0700] "POST /THLocDanhSachKhanhHang/ HTTP/1.1" 200 592 "http://localhost/THLocDanhSachKhanhHang/" "Mozilla/5.0 (X11; Linux x86_64) AppleWebKit/537.36 (KHTML, like Gecko) Chrome/72.0.3626.119 Safari/537.36"
::1 - - [05/Jun/2019:13:42:26 +0700] "POST /THLocDanhSachKhanhHang/ HTTP/1.1" 200 593 "http://localhost/THLocDanhSachKhanhHang/" "Mozilla/5.0 (X11; Linux x86_64) AppleWebKit/537.36 (KHTML, like Gecko) Chrome/72.0.3626.119 Safari/537.36"
::1 - - [05/Jun/2019:13:42:27 +0700] "POST /THLocDanhSachKhanhHang/ HTTP/1.1" 200 592 "http://localhost/THLocDanhSachKhanhHang/" "Mozilla/5.0 (X11; Linux x86_64) AppleWebKit/537.36 (KHTML, like Gecko) Chrome/72.0.3626.119 Safari/537.36"
::1 - - [05/Jun/2019:13:47:08 +0700] "POST /THLocDanhSachKhanhHang/ HTTP/1.1" 200 423 "http://localhost/THLocDanhSachKhanhHang/" "Mozilla/5.0 (X11; Linux x86_64) AppleWebKit/537.36 (KHTML, like Gecko) Chrome/72.0.3626.119 Safari/537.36"
::1 - - [05/Jun/2019:13:47:10 +0700] "GET /THLocDanhSachKhanhHang/ HTTP/1.1" 200 422 "-" "Mozilla/5.0 (X11; Linux x86_64) AppleWebKit/537.36 (KHTML, like Gecko) Chrome/72.0.3626.119 Safari/537.36"
::1 - - [05/Jun/2019:13:47:12 +0700] "POST /THLocDanhSachKhanhHang/ HTTP/1.1" 200 422 "http://localhost/THLocDanhSachKhanhHang/" "Mozilla/5.0 (X11; Linux x86_64) AppleWebKit/537.36 (KHTML, like Gecko) Chrome/72.0.3626.119 Safari/537.36"
::1 - - [05/Jun/2019:13:55:46 +0700] "POST /THLocDanhSachKhanhHang/ HTTP/1.1" 200 874 "http://localhost/THLocDanhSachKhanhHang/" "Mozilla/5.0 (X11; Linux x86_64) AppleWebKit/537.36 (KHTML, like Gecko) Chrome/72.0.3626.119 Safari/537.36"
::1 - - [05/Jun/2019:13:55:46 +0700] "GET /THLocDanhSachKhanhHang/css/style.css HTTP/1.1" 404 525 "http://localhost/THLocDanhSachKhanhHang/" "Mozilla/5.0 (X11; Linux x86_64) AppleWebKit/537.36 (KHTML, like Gecko) Chrome/72.0.3626.119 Safari/537.36"
::1 - - [05/Jun/2019:13:55:46 +0700] "GET /THLocDanhSachKhanhHang/images/img1.jpg HTTP/1.1" 404 528 "http://localhost/THLocDanhSachKhanhHang/" "Mozilla/5.0 (X11; Linux x86_64) AppleWebKit/537.36 (KHTML, like Gecko) Chrome/72.0.3626.119 Safari/537.36"
::1 - - [05/Jun/2019:13:55:46 +0700] "GET /THLocDanhSachKhanhHang/images/img2.jpg HTTP/1.1" 404 528 "http://localhost/THLocDanhSachKhanhHang/" "Mozilla/5.0 (X11; Linux x86_64) AppleWebKit/537.36 (KHTML, like Gecko) Chrome/72.0.3626.119 Safari/537.36"
::1 - - [05/Jun/2019:13:55:46 +0700] "GET /THLocDanhSachKhanhHang/images/img4.jpg HTTP/1.1" 404 528 "http://localhost/THLocDanhSachKhanhHang/" "Mozilla/5.0 (X11; Linux x86_64) AppleWebKit/537.36 (KHTML, like Gecko) Chrome/72.0.3626.119 Safari/537.36"
::1 - - [05/Jun/2019:13:55:46 +0700] "GET /THLocDanhSachKhanhHang/images/img3.jpg HTTP/1.1" 404 528 "http://localhost/THLocDanhSachKhanhHang/" "Mozilla/5.0 (X11; Linux x86_64) AppleWebKit/537.36 (KHTML, like Gecko) Chrome/72.0.3626.119 Safari/537.36"
::1 - - [05/Jun/2019:13:55:46 +0700] "GET /THLocDanhSachKhanhHang/images/img5.jpg HTTP/1.1" 404 528 "http://localhost/THLocDanhSachKhanhHang/" "Mozilla/5.0 (X11; Linux x86_64) AppleWebKit/537.36 (KHTML, like Gecko) Chrome/72.0.3626.119 Safari/537.36"
::1 - - [05/Jun/2019:13:55:51 +0700] "POST /THLocDanhSachKhanhHang/ HTTP/1.1" 200 817 "http://localhost/THLocDanhSachKhanhHang/" "Mozilla/5.0 (X11; Linux x86_64) AppleWebKit/537.36 (KHTML, like Gecko) Chrome/72.0.3626.119 Safari/537.36"
::1 - - [05/Jun/2019:13:55:51 +0700] "GET /THLocDanhSachKhanhHang/css/style.css HTTP/1.1" 404 525 "http://localhost/THLocDanhSachKhanhHang/" "Mozilla/5.0 (X11; Linux x86_64) AppleWebKit/537.36 (KHTML, like Gecko) Chrome/72.0.3626.119 Safari/537.36"
::1 - - [05/Jun/2019:13:55:51 +0700] "GET /THLocDanhSachKhanhHang/images/img1.jpg HTTP/1.1" 404 528 "http://localhost/THLocDanhSachKhanhHang/" "Mozilla/5.0 (X11; Linux x86_64) AppleWebKit/537.36 (KHTML, like Gecko) Chrome/72.0.3626.119 Safari/537.36"
::1 - - [05/Jun/2019:13:55:51 +0700] "GET /THLocDanhSachKhanhHang/images/img4.jpg HTTP/1.1" 404 528 "http://localhost/THLocDanhSachKhanhHang/" "Mozilla/5.0 (X11; Linux x86_64) AppleWebKit/537.36 (KHTML, like Gecko) Chrome/72.0.3626.119 Safari/537.36"
::1 - - [05/Jun/2019:13:55:51 +0700] "GET /THLocDanhSachKhanhHang/images/img5.jpg HTTP/1.1" 404 528 "http://localhost/THLocDanhSachKhanhHang/" "Mozilla/5.0 (X11; Linux x86_64) AppleWebKit/537.36 (KHTML, like Gecko) Chrome/72.0.3626.119 Safari/537.36"
::1 - - [05/Jun/2019:13:55:59 +0700] "OPTIONS * HTTP/1.0" 200 126 "-" "Apache/2.4.29 (Ubuntu) (internal dummy connection)"
::1 - - [05/Jun/2019:14:04:32 +0700] "GET /THLocDanhSachKhanhHang/ HTTP/1.1" 200 203 "-" "Mozilla/5.0 (X11; Linux x86_64) AppleWebKit/537.36 (KHTML, like Gecko) Chrome/72.0.3626.119 Safari/537.36"
::1 - - [05/Jun/2019:14:04:33 +0700] "GET /favicon.ico HTTP/1.1" 404 500 "http://localhost/THLocDanhSachKhanhHang/" "Mozilla/5.0 (X11; Linux x86_64) AppleWebKit/537.36 (KHTML, like Gecko) Chrome/72.0.3626.119 Safari/537.36"
::1 - - [05/Jun/2019:14:04:41 +0700] "GET /THLocDanhSachKhanhHang/ HTTP/1.1" 200 203 "-" "Mozilla/5.0 (X11; Linux x86_64) AppleWebKit/537.36 (KHTML, like Gecko) Chrome/72.0.3626.119 Safari/537.36"
::1 - - [05/Jun/2019:14:04:58 +0700] "GET /THLocDanhSachKhanhHang/ HTTP/1.1" 200 203 "-" "Mozilla/5.0 (X11; Linux x86_64) AppleWebKit/537.36 (KHTML, like Gecko) Chrome/72.0.3626.119 Safari/537.36"
::1 - - [05/Jun/2019:14:04:59 +0700] "GET /THLocDanhSachKhanhHang/ HTTP/1.1" 200 202 "-" "Mozilla/5.0 (X11; Linux x86_64) AppleWebKit/537.36 (KHTML, like Gecko) Chrome/72.0.3626.119 Safari/537.36"
::1 - - [05/Jun/2019:14:35:03 +0700] "GET /THLocDanhSachKhanhHang/ HTTP/1.1" 200 505 "-" "Mozilla/5.0 (X11; Linux x86_64) AppleWebKit/537.36 (KHTML, like Gecko) Chrome/72.0.3626.119 Safari/537.36"
::1 - - [05/Jun/2019:14:35:04 +0700] "GET /THLocDanhSachKhanhHang/ HTTP/1.1" 200 504 "-" "Mozilla/5.0 (X11; Linux x86_64) AppleWebKit/537.36 (KHTML, like Gecko) Chrome/72.0.3626.119 Safari/537.36"
::1 - - [05/Jun/2019:14:37:28 +0700] "GET /THLocDanhSachKhanhHang/ HTTP/1.1" 200 519 "-" "Mozilla/5.0 (X11; Linux x86_64) AppleWebKit/537.36 (KHTML, like Gecko) Chrome/72.0.3626.119 Safari/537.36"
::1 - - [05/Jun/2019:14:37:29 +0700] "GET /THLocDanhSachKhanhHang/ HTTP/1.1" 200 518 "-" "Mozilla/5.0 (X11; Linux x86_64) AppleWebKit/537.36 (KHTML, like Gecko) Chrome/72.0.3626.119 Safari/537.36"
::1 - - [05/Jun/2019:14:37:29 +0700] "GET /THLocDanhSachKhanhHang/ HTTP/1.1" 200 518 "-" "Mozilla/5.0 (X11; Linux x86_64) AppleWebKit/537.36 (KHTML, like Gecko) Chrome/72.0.3626.119 Safari/537.36"
::1 - - [05/Jun/2019:14:38:20 +0700] "-" 408 0 "-" "-"
::1 - - [05/Jun/2019:14:38:34 +0700] "GET /THLocDanhSachKhanhHang/ HTTP/1.1" 200 536 "-" "Mozilla/5.0 (X11; Linux x86_64) AppleWebKit/537.36 (KHTML, like Gecko) Chrome/72.0.3626.119 Safari/537.36"
::1 - - [05/Jun/2019:14:39:25 +0700] "-" 408 0 "-" "-"
::1 - - [05/Jun/2019:14:47:46 +0700] "GET /Product%20Discount%20Calculator/ HTTP/1.1" 200 723 "-" "Mozilla/5.0 (X11; Linux x86_64) AppleWebKit/537.36 (KHTML, like Gecko) Chrome/72.0.3626.119 Safari/537.36"
::1 - - [05/Jun/2019:14:48:28 +0700] "POST /Product%20Discount%20Calculator/index1.php HTTP/1.1" 200 329 "http://localhost/Product%20Discount%20Calculator/" "Mozilla/5.0 (X11; Linux x86_64) AppleWebKit/537.36 (KHTML, like Gecko) Chrome/72.0.3626.119 Safari/537.36"
::1 - - [05/Jun/2019:14:54:31 +0700] "GET /THLocDanhSachKhanhHang/ HTTP/1.1" 200 552 "-" "Mozilla/5.0 (X11; Linux x86_64) AppleWebKit/537.36 (KHTML, like Gecko) Chrome/72.0.3626.119 Safari/537.36"
::1 - - [05/Jun/2019:14:54:32 +0700] "GET /THLocDanhSachKhanhHang/ HTTP/1.1" 200 551 "-" "Mozilla/5.0 (X11; Linux x86_64) AppleWebKit/537.36 (KHTML, like Gecko) Chrome/72.0.3626.119 Safari/537.36"
::1 - - [05/Jun/2019:14:54:32 +0700] "GET /THLocDanhSachKhanhHang/ HTTP/1.1" 200 551 "-" "Mozilla/5.0 (X11; Linux x86_64) AppleWebKit/537.36 (KHTML, like Gecko) Chrome/72.0.3626.119 Safari/537.36"
::1 - - [05/Jun/2019:14:54:33 +0700] "GET /THLocDanhSachKhanhHang/ HTTP/1.1" 200 551 "-" "Mozilla/5.0 (X11; Linux x86_64) AppleWebKit/537.36 (KHTML, like Gecko) Chrome/72.0.3626.119 Safari/537.36"
::1 - - [05/Jun/2019:14:54:33 +0700] "GET /THLocDanhSachKhanhHang/ HTTP/1.1" 200 551 "-" "Mozilla/5.0 (X11; Linux x86_64) AppleWebKit/537.36 (KHTML, like Gecko) Chrome/72.0.3626.119 Safari/537.36"
::1 - - [05/Jun/2019:14:54:33 +0700] "GET /THLocDanhSachKhanhHang/ HTTP/1.1" 200 551 "-" "Mozilla/5.0 (X11; Linux x86_64) AppleWebKit/537.36 (KHTML, like Gecko) Chrome/72.0.3626.119 Safari/537.36"
::1 - - [05/Jun/2019:14:54:35 +0700] "GET /THLocDanhSachKhanhHang/ HTTP/1.1" 200 551 "-" "Mozilla/5.0 (X11; Linux x86_64) AppleWebKit/537.36 (KHTML, like Gecko) Chrome/72.0.3626.119 Safari/537.36"
::1 - - [05/Jun/2019:14:57:35 +0700] "GET /THLocDanhSachKhanhHang/ HTTP/1.1" 200 900 "-" "Mozilla/5.0 (X11; Linux x86_64) AppleWebKit/537.36 (KHTML, like Gecko) Chrome/72.0.3626.119 Safari/537.36"
::1 - - [05/Jun/2019:14:57:36 +0700] "GET /THLocDanhSachKhanhHang/images/img1.jpg HTTP/1.1" 404 527 "http://localhost/THLocDanhSachKhanhHang/" "Mozilla/5.0 (X11; Linux x86_64) AppleWebKit/537.36 (KHTML, like Gecko) Chrome/72.0.3626.119 Safari/537.36"
::1 - - [05/Jun/2019:14:57:36 +0700] "GET /THLocDanhSachKhanhHang/images/img4.jpg HTTP/1.1" 404 528 "http://localhost/THLocDanhSachKhanhHang/" "Mozilla/5.0 (X11; Linux x86_64) AppleWebKit/537.36 (KHTML, like Gecko) Chrome/72.0.3626.119 Safari/537.36"
::1 - - [05/Jun/2019:14:57:36 +0700] "GET /THLocDanhSachKhanhHang/images/img5.jpg HTTP/1.1" 404 528 "http://localhost/THLocDanhSachKhanhHang/" "Mozilla/5.0 (X11; Linux x86_64) AppleWebKit/537.36 (KHTML, like Gecko) Chrome/72.0.3626.119 Safari/537.36"
::1 - - [05/Jun/2019:14:57:36 +0700] "GET /THLocDanhSachKhanhHang/images/img3.jpg HTTP/1.1" 404 528 "http://localhost/THLocDanhSachKhanhHang/" "Mozilla/5.0 (X11; Linux x86_64) AppleWebKit/537.36 (KHTML, like Gecko) Chrome/72.0.3626.119 Safari/537.36"
::1 - - [05/Jun/2019:14:57:36 +0700] "GET /THLocDanhSachKhanhHang/images/img2.jpg HTTP/1.1" 404 528 "http://localhost/THLocDanhSachKhanhHang/" "Mozilla/5.0 (X11; Linux x86_64) AppleWebKit/537.36 (KHTML, like Gecko) Chrome/72.0.3626.119 Safari/537.36"
::1 - - [05/Jun/2019:15:02:44 +0700] "GET /THLocDanhSachKhanhHang/ HTTP/1.1" 200 912 "-" "Mozilla/5.0 (X11; Linux x86_64) AppleWebKit/537.36 (KHTML, like Gecko) Chrome/72.0.3626.119 Safari/537.36"
::1 - - [05/Jun/2019:15:02:44 +0700] "GET /THLocDanhSachKhanhHang/images/D.Ace.jpg HTTP/1.1" 200 127826 "http://localhost/THLocDanhSachKhanhHang/" "Mozilla/5.0 (X11; Linux x86_64) AppleWebKit/537.36 (KHTML, like Gecko) Chrome/72.0.3626.119 Safari/537.36"
::1 - - [05/Jun/2019:15:02:44 +0700] "GET /THLocDanhSachKhanhHang/images/sanji.jpg HTTP/1.1" 200 237236 "http://localhost/THLocDanhSachKhanhHang/" "Mozilla/5.0 (X11; Linux x86_64) AppleWebKit/537.36 (KHTML, like Gecko) Chrome/72.0.3626.119 Safari/537.36"
::1 - - [05/Jun/2019:15:02:44 +0700] "GET /THLocDanhSachKhanhHang/images/nami.jpg HTTP/1.1" 200 305024 "http://localhost/THLocDanhSachKhanhHang/" "Mozilla/5.0 (X11; Linux x86_64) AppleWebKit/537.36 (KHTML, like Gecko) Chrome/72.0.3626.119 Safari/537.36"
::1 - - [05/Jun/2019:15:02:44 +0700] "GET /THLocDanhSachKhanhHang/images/zoro.jpg HTTP/1.1" 200 276973 "http://localhost/THLocDanhSachKhanhHang/" "Mozilla/5.0 (X11; Linux x86_64) AppleWebKit/537.36 (KHTML, like Gecko) Chrome/72.0.3626.119 Safari/537.36"
::1 - - [05/Jun/2019:15:02:44 +0700] "GET /THLocDanhSachKhanhHang/images/luffy.jpg HTTP/1.1" 200 1560597 "http://localhost/THLocDanhSachKhanhHang/" "Mozilla/5.0 (X11; Linux x86_64) AppleWebKit/537.36 (KHTML, like Gecko) Chrome/72.0.3626.119 Safari/537.36"
::1 - - [05/Jun/2019:15:06:23 +0700] "GET /THLocDanhSachKhanhHang/ HTTP/1.1" 200 909 "-" "Mozilla/5.0 (X11; Linux x86_64) AppleWebKit/537.36 (KHTML, like Gecko) Chrome/72.0.3626.119 Safari/537.36"
::1 - - [05/Jun/2019:15:06:23 +0700] "GET /THLocDanhSachKhanhHang/images/1.jpg HTTP/1.1" 200 68204 "http://localhost/THLocDanhSachKhanhHang/" "Mozilla/5.0 (X11; Linux x86_64) AppleWebKit/537.36 (KHTML, like Gecko) Chrome/72.0.3626.119 Safari/537.36"
::1 - - [05/Jun/2019:15:09:09 +0700] "GET /THLocDanhSachKhanhHang/ HTTP/1.1" 200 909 "-" "Mozilla/5.0 (X11; Linux x86_64) AppleWebKit/537.36 (KHTML, like Gecko) Chrome/72.0.3626.119 Safari/537.36"
::1 - - [05/Jun/2019:15:09:09 +0700] "GET /THLocDanhSachKhanhHang/images/a1.jpg HTTP/1.1" 200 117965 "http://localhost/THLocDanhSachKhanhHang/" "Mozilla/5.0 (X11; Linux x86_64) AppleWebKit/537.36 (KHTML, like Gecko) Chrome/72.0.3626.119 Safari/537.36"
::1 - - [05/Jun/2019:15:10:00 +0700] "-" 408 0 "-" "-"
::1 - - [05/Jun/2019:15:11:08 +0700] "GET /THLocDanhSachKhanhHang/ HTTP/1.1" 200 926 "-" "Mozilla/5.0 (X11; Linux x86_64) AppleWebKit/537.36 (KHTML, like Gecko) Chrome/72.0.3626.119 Safari/537.36"
::1 - - [05/Jun/2019:15:11:08 +0700] "GET /THLocDanhSachKhanhHang/images/a1.jpg HTTP/1.1" 304 182 "http://localhost/THLocDanhSachKhanhHang/" "Mozilla/5.0 (X11; Linux x86_64) AppleWebKit/537.36 (KHTML, like Gecko) Chrome/72.0.3626.119 Safari/537.36"
::1 - - [05/Jun/2019:15:11:28 +0700] "GET /THLocDanhSachKhanhHang/ HTTP/1.1" 200 925 "-" "Mozilla/5.0 (X11; Linux x86_64) AppleWebKit/537.36 (KHTML, like Gecko) Chrome/72.0.3626.119 Safari/537.36"
::1 - - [05/Jun/2019:15:12:20 +0700] "-" 408 0 "-" "-"
::1 - - [05/Jun/2019:15:12:24 +0700] "GET /THLocDanhSachKhanhHang/ HTTP/1.1" 200 914 "-" "Mozilla/5.0 (X11; Linux x86_64) AppleWebKit/537.36 (KHTML, like Gecko) Chrome/72.0.3626.119 Safari/537.36"
::1 - - [05/Jun/2019:15:12:24 +0700] "GET /THLocDanhSachKhanhHang/images/a2.jpg HTTP/1.1" 200 134933 "http://localhost/THLocDanhSachKhanhHang/" "Mozilla/5.0 (X11; Linux x86_64) AppleWebKit/537.36 (KHTML, like Gecko) Chrome/72.0.3626.119 Safari/537.36"
::1 - - [05/Jun/2019:15:12:24 +0700] "GET /THLocDanhSachKhanhHang/images/a1.jpg HTTP/1.1" 304 183 "http://localhost/THLocDanhSachKhanhHang/" "Mozilla/5.0 (X11; Linux x86_64) AppleWebKit/537.36 (KHTML, like Gecko) Chrome/72.0.3626.119 Safari/537.36"
::1 - - [05/Jun/2019:15:12:24 +0700] "GET /THLocDanhSachKhanhHang/images/a3.jpg HTTP/1.1" 404 526 "http://localhost/THLocDanhSachKhanhHang/" "Mozilla/5.0 (X11; Linux x86_64) AppleWebKit/537.36 (KHTML, like Gecko) Chrome/72.0.3626.119 Safari/537.36"
::1 - - [05/Jun/2019:15:12:24 +0700] "GET /THLocDanhSachKhanhHang/images/a4.jpg HTTP/1.1" 404 526 "http://localhost/THLocDanhSachKhanhHang/" "Mozilla/5.0 (X11; Linux x86_64) AppleWebKit/537.36 (KHTML, like Gecko) Chrome/72.0.3626.119 Safari/537.36"
::1 - - [05/Jun/2019:15:12:24 +0700] "GET /THLocDanhSachKhanhHang/images/a5.jpg HTTP/1.1" 404 526 "http://localhost/THLocDanhSachKhanhHang/" "Mozilla/5.0 (X11; Linux x86_64) AppleWebKit/537.36 (KHTML, like Gecko) Chrome/72.0.3626.119 Safari/537.36"
::1 - - [05/Jun/2019:15:12:26 +0700] "GET /THLocDanhSachKhanhHang/ HTTP/1.1" 200 913 "-" "Mozilla/5.0 (X11; Linux x86_64) AppleWebKit/537.36 (KHTML, like Gecko) Chrome/72.0.3626.119 Safari/537.36"
::1 - - [05/Jun/2019:15:12:26 +0700] "GET /THLocDanhSachKhanhHang/images/a3.jpg HTTP/1.1" 404 525 "http://localhost/THLocDanhSachKhanhHang/" "Mozilla/5.0 (X11; Linux x86_64) AppleWebKit/537.36 (KHTML, like Gecko) Chrome/72.0.3626.119 Safari/537.36"
::1 - - [05/Jun/2019:15:12:26 +0700] "GET /THLocDanhSachKhanhHang/images/a4.jpg HTTP/1.1" 404 525 "http://localhost/THLocDanhSachKhanhHang/" "Mozilla/5.0 (X11; Linux x86_64) AppleWebKit/537.36 (KHTML, like Gecko) Chrome/72.0.3626.119 Safari/537.36"
::1 - - [05/Jun/2019:15:12:26 +0700] "GET /THLocDanhSachKhanhHang/images/a5.jpg HTTP/1.1" 404 525 "http://localhost/THLocDanhSachKhanhHang/" "Mozilla/5.0 (X11; Linux x86_64) AppleWebKit/537.36 (KHTML, like Gecko) Chrome/72.0.3626.119 Safari/537.36"
::1 - - [05/Jun/2019:15:12:26 +0700] "GET /THLocDanhSachKhanhHang/ HTTP/1.1" 200 913 "-" "Mozilla/5.0 (X11; Linux x86_64) AppleWebKit/537.36 (KHTML, like Gecko) Chrome/72.0.3626.119 Safari/537.36"
::1 - - [05/Jun/2019:15:12:26 +0700] "GET /THLocDanhSachKhanhHang/images/a3.jpg HTTP/1.1" 404 525 "http://localhost/THLocDanhSachKhanhHang/" "Mozilla/5.0 (X11; Linux x86_64) AppleWebKit/537.36 (KHTML, like Gecko) Chrome/72.0.3626.119 Safari/537.36"
::1 - - [05/Jun/2019:15:12:26 +0700] "GET /THLocDanhSachKhanhHang/images/a4.jpg HTTP/1.1" 404 525 "http://localhost/THLocDanhSachKhanhHang/" "Mozilla/5.0 (X11; Linux x86_64) AppleWebKit/537.36 (KHTML, like Gecko) Chrome/72.0.3626.119 Safari/537.36"
::1 - - [05/Jun/2019:15:12:26 +0700] "GET /THLocDanhSachKhanhHang/images/a5.jpg HTTP/1.1" 404 525 "http://localhost/THLocDanhSachKhanhHang/" "Mozilla/5.0 (X11; Linux x86_64) AppleWebKit/537.36 (KHTML, like Gecko) Chrome/72.0.3626.119 Safari/537.36"
::1 - - [05/Jun/2019:15:12:26 +0700] "GET /THLocDanhSachKhanhHang/ HTTP/1.1" 200 913 "-" "Mozilla/5.0 (X11; Linux x86_64) AppleWebKit/537.36 (KHTML, like Gecko) Chrome/72.0.3626.119 Safari/537.36"
::1 - - [05/Jun/2019:15:12:26 +0700] "GET /THLocDanhSachKhanhHang/images/a3.jpg HTTP/1.1" 404 525 "http://localhost/THLocDanhSachKhanhHang/" "Mozilla/5.0 (X11; Linux x86_64) AppleWebKit/537.36 (KHTML, like Gecko) Chrome/72.0.3626.119 Safari/537.36"
::1 - - [05/Jun/2019:15:12:26 +0700] "GET /THLocDanhSachKhanhHang/images/a4.jpg HTTP/1.1" 404 525 "http://localhost/THLocDanhSachKhanhHang/" "Mozilla/5.0 (X11; Linux x86_64) AppleWebKit/537.36 (KHTML, like Gecko) Chrome/72.0.3626.119 Safari/537.36"
::1 - - [05/Jun/2019:15:12:26 +0700] "GET /THLocDanhSachKhanhHang/images/a5.jpg HTTP/1.1" 404 525 "http://localhost/THLocDanhSachKhanhHang/" "Mozilla/5.0 (X11; Linux x86_64) AppleWebKit/537.36 (KHTML, like Gecko) Chrome/72.0.3626.119 Safari/537.36"
::1 - - [05/Jun/2019:15:12:40 +0700] "GET /THLocDanhSachKhanhHang/ HTTP/1.1" 200 914 "-" "Mozilla/5.0 (X11; Linux x86_64) AppleWebKit/537.36 (KHTML, like Gecko) Chrome/72.0.3626.119 Safari/537.36"
::1 - - [05/Jun/2019:15:12:40 +0700] "GET /THLocDanhSachKhanhHang/images/a3.jpg HTTP/1.1" 404 525 "http://localhost/THLocDanhSachKhanhHang/" "Mozilla/5.0 (X11; Linux x86_64) AppleWebKit/537.36 (KHTML, like Gecko) Chrome/72.0.3626.119 Safari/537.36"
::1 - - [05/Jun/2019:15:12:40 +0700] "GET /THLocDanhSachKhanhHang/images/a4.jpg HTTP/1.1" 404 526 "http://localhost/THLocDanhSachKhanhHang/" "Mozilla/5.0 (X11; Linux x86_64) AppleWebKit/537.36 (KHTML, like Gecko) Chrome/72.0.3626.119 Safari/537.36"
::1 - - [05/Jun/2019:15:12:40 +0700] "GET /THLocDanhSachKhanhHang/images/a5.jpg HTTP/1.1" 404 526 "http://localhost/THLocDanhSachKhanhHang/" "Mozilla/5.0 (X11; Linux x86_64) AppleWebKit/537.36 (KHTML, like Gecko) Chrome/72.0.3626.119 Safari/537.36"
::1 - - [05/Jun/2019:15:12:41 +0700] "GET /THLocDanhSachKhanhHang/ HTTP/1.1" 200 913 "-" "Mozilla/5.0 (X11; Linux x86_64) AppleWebKit/537.36 (KHTML, like Gecko) Chrome/72.0.3626.119 Safari/537.36"
::1 - - [05/Jun/2019:15:12:41 +0700] "GET /THLocDanhSachKhanhHang/images/a3.jpg HTTP/1.1" 404 525 "http://localhost/THLocDanhSachKhanhHang/" "Mozilla/5.0 (X11; Linux x86_64) AppleWebKit/537.36 (KHTML, like Gecko) Chrome/72.0.3626.119 Safari/537.36"
::1 - - [05/Jun/2019:15:12:41 +0700] "GET /THLocDanhSachKhanhHang/images/a4.jpg HTTP/1.1" 404 525 "http://localhost/THLocDanhSachKhanhHang/" "Mozilla/5.0 (X11; Linux x86_64) AppleWebKit/537.36 (KHTML, like Gecko) Chrome/72.0.3626.119 Safari/537.36"
::1 - - [05/Jun/2019:15:12:41 +0700] "GET /THLocDanhSachKhanhHang/images/a5.jpg HTTP/1.1" 404 525 "http://localhost/THLocDanhSachKhanhHang/" "Mozilla/5.0 (X11; Linux x86_64) AppleWebKit/537.36 (KHTML, like Gecko) Chrome/72.0.3626.119 Safari/537.36"
::1 - - [05/Jun/2019:15:12:41 +0700] "GET /THLocDanhSachKhanhHang/ HTTP/1.1" 200 913 "-" "Mozilla/5.0 (X11; Linux x86_64) AppleWebKit/537.36 (KHTML, like Gecko) Chrome/72.0.3626.119 Safari/537.36"
::1 - - [05/Jun/2019:15:12:41 +0700] "GET /THLocDanhSachKhanhHang/images/a3.jpg HTTP/1.1" 404 525 "http://localhost/THLocDanhSachKhanhHang/" "Mozilla/5.0 (X11; Linux x86_64) AppleWebKit/537.36 (KHTML, like Gecko) Chrome/72.0.3626.119 Safari/537.36"
::1 - - [05/Jun/2019:15:12:41 +0700] "GET /THLocDanhSachKhanhHang/images/a4.jpg HTTP/1.1" 404 525 "http://localhost/THLocDanhSachKhanhHang/" "Mozilla/5.0 (X11; Linux x86_64) AppleWebKit/537.36 (KHTML, like Gecko) Chrome/72.0.3626.119 Safari/537.36"
::1 - - [05/Jun/2019:15:12:41 +0700] "GET /THLocDanhSachKhanhHang/images/a5.jpg HTTP/1.1" 404 525 "http://localhost/THLocDanhSachKhanhHang/" "Mozilla/5.0 (X11; Linux x86_64) AppleWebKit/537.36 (KHTML, like Gecko) Chrome/72.0.3626.119 Safari/537.36"
::1 - - [05/Jun/2019:15:12:41 +0700] "GET /THLocDanhSachKhanhHang/ HTTP/1.1" 200 913 "-" "Mozilla/5.0 (X11; Linux x86_64) AppleWebKit/537.36 (KHTML, like Gecko) Chrome/72.0.3626.119 Safari/537.36"
::1 - - [05/Jun/2019:15:12:41 +0700] "GET /THLocDanhSachKhanhHang/images/a3.jpg HTTP/1.1" 404 525 "http://localhost/THLocDanhSachKhanhHang/" "Mozilla/5.0 (X11; Linux x86_64) AppleWebKit/537.36 (KHTML, like Gecko) Chrome/72.0.3626.119 Safari/537.36"
::1 - - [05/Jun/2019:15:12:41 +0700] "GET /THLocDanhSachKhanhHang/images/a5.jpg HTTP/1.1" 404 525 "http://localhost/THLocDanhSachKhanhHang/" "Mozilla/5.0 (X11; Linux x86_64) AppleWebKit/537.36 (KHTML, like Gecko) Chrome/72.0.3626.119 Safari/537.36"
::1 - - [05/Jun/2019:15:12:41 +0700] "GET /THLocDanhSachKhanhHang/images/a4.jpg HTTP/1.1" 404 525 "http://localhost/THLocDanhSachKhanhHang/" "Mozilla/5.0 (X11; Linux x86_64) AppleWebKit/537.36 (KHTML, like Gecko) Chrome/72.0.3626.119 Safari/537.36"
::1 - - [05/Jun/2019:15:12:41 +0700] "GET /THLocDanhSachKhanhHang/ HTTP/1.1" 200 913 "-" "Mozilla/5.0 (X11; Linux x86_64) AppleWebKit/537.36 (KHTML, like Gecko) Chrome/72.0.3626.119 Safari/537.36"
::1 - - [05/Jun/2019:15:12:41 +0700] "GET /THLocDanhSachKhanhHang/images/a3.jpg HTTP/1.1" 404 525 "http://localhost/THLocDanhSachKhanhHang/" "Mozilla/5.0 (X11; Linux x86_64) AppleWebKit/537.36 (KHTML, like Gecko) Chrome/72.0.3626.119 Safari/537.36"
::1 - - [05/Jun/2019:15:12:41 +0700] "GET /THLocDanhSachKhanhHang/images/a4.jpg HTTP/1.1" 404 525 "http://localhost/THLocDanhSachKhanhHang/" "Mozilla/5.0 (X11; Linux x86_64) AppleWebKit/537.36 (KHTML, like Gecko) Chrome/72.0.3626.119 Safari/537.36"
::1 - - [05/Jun/2019:15:12:41 +0700] "GET /THLocDanhSachKhanhHang/images/a5.jpg HTTP/1.1" 404 525 "http://localhost/THLocDanhSachKhanhHang/" "Mozilla/5.0 (X11; Linux x86_64) AppleWebKit/537.36 (KHTML, like Gecko) Chrome/72.0.3626.119 Safari/537.36"
::1 - - [05/Jun/2019:15:15:10 +0700] "GET /THLocDanhSachKhanhHang/ HTTP/1.1" 200 928 "-" "Mozilla/5.0 (X11; Linux x86_64) AppleWebKit/537.36 (KHTML, like Gecko) Chrome/72.0.3626.119 Safari/537.36"
::1 - - [05/Jun/2019:15:15:38 +0700] "GET /THLocDanhSachKhanhHang/ HTTP/1.1" 200 930 "-" "Mozilla/5.0 (X11; Linux x86_64) AppleWebKit/537.36 (KHTML, like Gecko) Chrome/72.0.3626.119 Safari/537.36"
::1 - - [05/Jun/2019:15:16:29 +0700] "-" 408 0 "-" "-"
::1 - - [05/Jun/2019:15:20:25 +0700] "GET /THLocDanhSachKhanhHang/ HTTP/1.1" 200 930 "-" "Mozilla/5.0 (X11; Linux x86_64) AppleWebKit/537.36 (KHTML, like Gecko) Chrome/72.0.3626.119 Safari/537.36"
::1 - - [05/Jun/2019:15:21:17 +0700] "-" 408 0 "-" "-"
::1 - - [05/Jun/2019:15:22:00 +0700] "GET /THLocDanhSachKhanhHang/ HTTP/1.1" 200 939 "-" "Mozilla/5.0 (X11; Linux x86_64) AppleWebKit/537.36 (KHTML, like Gecko) Chrome/72.0.3626.119 Safari/537.36"
::1 - - [05/Jun/2019:15:23:26 +0700] "GET /THLocDanhSachKhanhHang/ HTTP/1.1" 200 887 "-" "Mozilla/5.0 (X11; Linux x86_64) AppleWebKit/537.36 (KHTML, like Gecko) Chrome/72.0.3626.119 Safari/537.36"
::1 - - [05/Jun/2019:15:23:26 +0700] "GET /THLocDanhSachKhanhHang/css/style.css HTTP/1.1" 404 525 "http://localhost/THLocDanhSachKhanhHang/" "Mozilla/5.0 (X11; Linux x86_64) AppleWebKit/537.36 (KHTML, like Gecko) Chrome/72.0.3626.119 Safari/537.36"
::1 - - [05/Jun/2019:15:23:27 +0700] "GET /THLocDanhSachKhanhHang/ HTTP/1.1" 200 886 "-" "Mozilla/5.0 (X11; Linux x86_64) AppleWebKit/537.36 (KHTML, like Gecko) Chrome/72.0.3626.119 Safari/537.36"
::1 - - [05/Jun/2019:15:23:27 +0700] "GET /THLocDanhSachKhanhHang/css/style.css HTTP/1.1" 404 525 "http://localhost/THLocDanhSachKhanhHang/" "Mozilla/5.0 (X11; Linux x86_64) AppleWebKit/537.36 (KHTML, like Gecko) Chrome/72.0.3626.119 Safari/537.36"
::1 - - [05/Jun/2019:15:23:46 +0700] "GET /THLocDanhSachKhanhHang/ HTTP/1.1" 200 902 "-" "Mozilla/5.0 (X11; Linux x86_64) AppleWebKit/537.36 (KHTML, like Gecko) Chrome/72.0.3626.119 Safari/537.36"
::1 - - [05/Jun/2019:15:23:46 +0700] "GET /THLocDanhSachKhanhHang/css/style.css HTTP/1.1" 404 525 "http://localhost/THLocDanhSachKhanhHang/" "Mozilla/5.0 (X11; Linux x86_64) AppleWebKit/537.36 (KHTML, like Gecko) Chrome/72.0.3626.119 Safari/537.36"
::1 - - [05/Jun/2019:15:24:41 +0700] "POST /THLocDanhSachKhanhHang/ HTTP/1.1" 200 707 "http://localhost/THLocDanhSachKhanhHang/" "Mozilla/5.0 (X11; Linux x86_64) AppleWebKit/537.36 (KHTML, like Gecko) Chrome/72.0.3626.119 Safari/537.36"
::1 - - [05/Jun/2019:15:24:41 +0700] "POST /THLocDanhSachKhanhHang/ HTTP/1.1" 200 707 "http://localhost/THLocDanhSachKhanhHang/" "Mozilla/5.0 (X11; Linux x86_64) AppleWebKit/537.36 (KHTML, like Gecko) Chrome/72.0.3626.119 Safari/537.36"
::1 - - [05/Jun/2019:15:24:41 +0700] "GET /THLocDanhSachKhanhHang/css/style.css HTTP/1.1" 404 525 "http://localhost/THLocDanhSachKhanhHang/" "Mozilla/5.0 (X11; Linux x86_64) AppleWebKit/537.36 (KHTML, like Gecko) Chrome/72.0.3626.119 Safari/537.36"
::1 - - [05/Jun/2019:15:24:41 +0700] "POST /THLocDanhSachKhanhHang/ HTTP/1.1" 200 706 "http://localhost/THLocDanhSachKhanhHang/" "Mozilla/5.0 (X11; Linux x86_64) AppleWebKit/537.36 (KHTML, like Gecko) Chrome/72.0.3626.119 Safari/537.36"
::1 - - [05/Jun/2019:15:24:41 +0700] "GET /THLocDanhSachKhanhHang/css/style.css HTTP/1.1" 404 525 "http://localhost/THLocDanhSachKhanhHang/" "Mozilla/5.0 (X11; Linux x86_64) AppleWebKit/537.36 (KHTML, like Gecko) Chrome/72.0.3626.119 Safari/537.36"
::1 - - [05/Jun/2019:15:24:41 +0700] "POST /THLocDanhSachKhanhHang/ HTTP/1.1" 200 706 "http://localhost/THLocDanhSachKhanhHang/" "Mozilla/5.0 (X11; Linux x86_64) AppleWebKit/537.36 (KHTML, like Gecko) Chrome/72.0.3626.119 Safari/537.36"
::1 - - [05/Jun/2019:15:24:41 +0700] "GET /THLocDanhSachKhanhHang/css/style.css HTTP/1.1" 404 525 "http://localhost/THLocDanhSachKhanhHang/" "Mozilla/5.0 (X11; Linux x86_64) AppleWebKit/537.36 (KHTML, like Gecko) Chrome/72.0.3626.119 Safari/537.36"
::1 - - [05/Jun/2019:15:24:50 +0700] "POST /THLocDanhSachKhanhHang/ HTTP/1.1" 200 707 "http://localhost/THLocDanhSachKhanhHang/" "Mozilla/5.0 (X11; Linux x86_64) AppleWebKit/537.36 (KHTML, like Gecko) Chrome/72.0.3626.119 Safari/537.36"
::1 - - [05/Jun/2019:15:24:50 +0700] "GET /THLocDanhSachKhanhHang/css/style.css HTTP/1.1" 404 525 "http://localhost/THLocDanhSachKhanhHang/" "Mozilla/5.0 (X11; Linux x86_64) AppleWebKit/537.36 (KHTML, like Gecko) Chrome/72.0.3626.119 Safari/537.36"
::1 - - [05/Jun/2019:15:24:58 +0700] "POST /THLocDanhSachKhanhHang/ HTTP/1.1" 200 906 "http://localhost/THLocDanhSachKhanhHang/" "Mozilla/5.0 (X11; Linux x86_64) AppleWebKit/537.36 (KHTML, like Gecko) Chrome/72.0.3626.119 Safari/537.36"
::1 - - [05/Jun/2019:15:24:58 +0700] "GET /THLocDanhSachKhanhHang/css/style.css HTTP/1.1" 404 525 "http://localhost/THLocDanhSachKhanhHang/" "Mozilla/5.0 (X11; Linux x86_64) AppleWebKit/537.36 (KHTML, like Gecko) Chrome/72.0.3626.119 Safari/537.36"
::1 - - [05/Jun/2019:15:25:01 +0700] "POST /THLocDanhSachKhanhHang/ HTTP/1.1" 200 843 "http://localhost/THLocDanhSachKhanhHang/" "Mozilla/5.0 (X11; Linux x86_64) AppleWebKit/537.36 (KHTML, like Gecko) Chrome/72.0.3626.119 Safari/537.36"
::1 - - [05/Jun/2019:15:25:01 +0700] "GET /THLocDanhSachKhanhHang/css/style.css HTTP/1.1" 404 525 "http://localhost/THLocDanhSachKhanhHang/" "Mozilla/5.0 (X11; Linux x86_64) AppleWebKit/537.36 (KHTML, like Gecko) Chrome/72.0.3626.119 Safari/537.36"
::1 - - [05/Jun/2019:15:45:02 +0700] "GET /THTaoLayoutChoWeb HTTP/1.1" 301 590 "-" "Mozilla/5.0 (X11; Linux x86_64) AppleWebKit/537.36 (KHTML, like Gecko) Chrome/72.0.3626.119 Safari/537.36"
::1 - - [05/Jun/2019:15:45:02 +0700] "GET /THTaoLayoutChoWeb/ HTTP/1.1" 200 763 "-" "Mozilla/5.0 (X11; Linux x86_64) AppleWebKit/537.36 (KHTML, like Gecko) Chrome/72.0.3626.119 Safari/537.36"
::1 - - [05/Jun/2019:15:45:02 +0700] "GET /THTaoLayoutChoWeb/style.css HTTP/1.1" 404 516 "http://localhost/THTaoLayoutChoWeb/" "Mozilla/5.0 (X11; Linux x86_64) AppleWebKit/537.36 (KHTML, like Gecko) Chrome/72.0.3626.119 Safari/537.36"
::1 - - [05/Jun/2019:15:46:47 +0700] "GET /THTaoLayoutChoWeb/ HTTP/1.1" 200 764 "-" "Mozilla/5.0 (X11; Linux x86_64) AppleWebKit/537.36 (KHTML, like Gecko) Chrome/72.0.3626.119 Safari/537.36"
::1 - - [05/Jun/2019:15:46:47 +0700] "GET /THTaoLayoutChoWeb/style.css HTTP/1.1" 404 516 "http://localhost/THTaoLayoutChoWeb/" "Mozilla/5.0 (X11; Linux x86_64) AppleWebKit/537.36 (KHTML, like Gecko) Chrome/72.0.3626.119 Safari/537.36"
::1 - - [05/Jun/2019:15:46:47 +0700] "GET /THTaoLayoutChoWeb/ HTTP/1.1" 200 763 "-" "Mozilla/5.0 (X11; Linux x86_64) AppleWebKit/537.36 (KHTML, like Gecko) Chrome/72.0.3626.119 Safari/537.36"
::1 - - [05/Jun/2019:15:46:47 +0700] "GET /THTaoLayoutChoWeb/style.css HTTP/1.1" 404 516 "http://localhost/THTaoLayoutChoWeb/" "Mozilla/5.0 (X11; Linux x86_64) AppleWebKit/537.36 (KHTML, like Gecko) Chrome/72.0.3626.119 Safari/537.36"
::1 - - [05/Jun/2019:15:46:47 +0700] "GET /THTaoLayoutChoWeb/ HTTP/1.1" 200 763 "-" "Mozilla/5.0 (X11; Linux x86_64) AppleWebKit/537.36 (KHTML, like Gecko) Chrome/72.0.3626.119 Safari/537.36"
::1 - - [05/Jun/2019:15:46:47 +0700] "GET /THTaoLayoutChoWeb/style.css HTTP/1.1" 404 516 "http://localhost/THTaoLayoutChoWeb/" "Mozilla/5.0 (X11; Linux x86_64) AppleWebKit/537.36 (KHTML, like Gecko) Chrome/72.0.3626.119 Safari/537.36"
::1 - - [05/Jun/2019:15:46:47 +0700] "GET /THTaoLayoutChoWeb/ HTTP/1.1" 200 763 "-" "Mozilla/5.0 (X11; Linux x86_64) AppleWebKit/537.36 (KHTML, like Gecko) Chrome/72.0.3626.119 Safari/537.36"
::1 - - [05/Jun/2019:15:46:47 +0700] "GET /THTaoLayoutChoWeb/style.css HTTP/1.1" 404 516 "http://localhost/THTaoLayoutChoWeb/" "Mozilla/5.0 (X11; Linux x86_64) AppleWebKit/537.36 (KHTML, like Gecko) Chrome/72.0.3626.119 Safari/537.36"
::1 - - [05/Jun/2019:15:46:47 +0700] "GET /THTaoLayoutChoWeb/ HTTP/1.1" 200 763 "-" "Mozilla/5.0 (X11; Linux x86_64) AppleWebKit/537.36 (KHTML, like Gecko) Chrome/72.0.3626.119 Safari/537.36"
::1 - - [05/Jun/2019:15:46:47 +0700] "GET /THTaoLayoutChoWeb/style.css HTTP/1.1" 404 516 "http://localhost/THTaoLayoutChoWeb/" "Mozilla/5.0 (X11; Linux x86_64) AppleWebKit/537.36 (KHTML, like Gecko) Chrome/72.0.3626.119 Safari/537.36"
::1 - - [05/Jun/2019:15:48:22 +0700] "GET /THTaoLayoutChoWeb/ HTTP/1.1" 200 764 "-" "Mozilla/5.0 (X11; Linux x86_64) AppleWebKit/537.36 (KHTML, like Gecko) Chrome/72.0.3626.119 Safari/537.36"
::1 - - [05/Jun/2019:15:48:22 +0700] "GET /THTaoLayoutChoWeb/style.css HTTP/1.1" 200 585 "http://localhost/THTaoLayoutChoWeb/" "Mozilla/5.0 (X11; Linux x86_64) AppleWebKit/537.36 (KHTML, like Gecko) Chrome/72.0.3626.119 Safari/537.36"
::1 - - [05/Jun/2019:15:55:30 +0700] "GET /THTaoLayoutChoWeb/ HTTP/1.1" 200 764 "-" "Mozilla/5.0 (X11; Linux x86_64) AppleWebKit/537.36 (KHTML, like Gecko) Chrome/72.0.3626.119 Safari/537.36"
::1 - - [05/Jun/2019:15:55:30 +0700] "GET /THTaoLayoutChoWeb/style.css HTTP/1.1" 200 585 "http://localhost/THTaoLayoutChoWeb/" "Mozilla/5.0 (X11; Linux x86_64) AppleWebKit/537.36 (KHTML, like Gecko) Chrome/72.0.3626.119 Safari/537.36"
::1 - - [05/Jun/2019:15:55:53 +0700] "GET /THTaoLayoutChoWeb/log HTTP/1.1" 404 511 "-" "Mozilla/5.0 (X11; Linux x86_64) AppleWebKit/537.36 (KHTML, like Gecko) Chrome/72.0.3626.119 Safari/537.36"
::1 - - [05/Jun/2019:15:58:40 +0700] "GET /THTaoLayoutChoWeb/log.php HTTP/1.1" 200 233 "-" "Mozilla/5.0 (X11; Linux x86_64) AppleWebKit/537.36 (KHTML, like Gecko) Chrome/72.0.3626.119 Safari/537.36"
::1 - - [05/Jun/2019:15:58:47 +0700] "GET /THTaoLayoutChoWeb/log.php HTTP/1.1" 500 185 "-" "Mozilla/5.0 (X11; Linux x86_64) AppleWebKit/537.36 (KHTML, like Gecko) Chrome/72.0.3626.119 Safari/537.36"
::1 - - [05/Jun/2019:15:58:55 +0700] "GET /THTaoLayoutChoWeb/log.php HTTP/1.1" 200 233 "-" "Mozilla/5.0 (X11; Linux x86_64) AppleWebKit/537.36 (KHTML, like Gecko) Chrome/72.0.3626.119 Safari/537.36"
::1 - - [05/Jun/2019:15:59:14 +0700] "GET /THTaoLayoutChoWeb/log.php HTTP/1.1" 500 185 "-" "Mozilla/5.0 (X11; Linux x86_64) AppleWebKit/537.36 (KHTML, like Gecko) Chrome/72.0.3626.119 Safari/537.36"
::1 - - [05/Jun/2019:16:00:06 +0700] "-" 408 0 "-" "-"
::1 - - [05/Jun/2019:16:00:06 +0700] "-" 408 0 "-" "-"
::1 - - [05/Jun/2019:16:04:27 +0700] "GET /log HTTP/1.1" 301 562 "-" "Mozilla/5.0 (X11; Linux x86_64) AppleWebKit/537.36 (KHTML, like Gecko) Chrome/72.0.3626.119 Safari/537.36"
::1 - - [05/Jun/2019:16:04:27 +0700] "GET /log/ HTTP/1.1" 500 185 "-" "Mozilla/5.0 (X11; Linux x86_64) AppleWebKit/537.36 (KHTML, like Gecko) Chrome/72.0.3626.119 Safari/537.36"
::1 - - [05/Jun/2019:16:04:46 +0700] "GET /log/ HTTP/1.1" 500 185 "-" "Mozilla/5.0 (X11; Linux x86_64) AppleWebKit/537.36 (KHTML, like Gecko) Chrome/72.0.3626.119 Safari/537.36"
::1 - - [05/Jun/2019:16:05:42 +0700] "GET /THTaoLayoutChoWeb/log.php HTTP/1.1" 404 515 "-" "Mozilla/5.0 (X11; Linux x86_64) AppleWebKit/537.36 (KHTML, like Gecko) Chrome/72.0.3626.119 Safari/537.36"
